  Codec.cpp
  CodecFactory.cpp
  RequestCodec.cpp
D:\C++面试项目\项目一 ：对网络通信的数据进行加解密的传输模块\项目\project\EndDecCode\protobuf\include\google\protobuf\io\coded_stream.h(881,28): warning C4251: “google::protobuf::io::CodedOutputStream::default_serialization_deterministic_”: struct“std::atomic<bool>”需要有 dll 接口由 class“google::protobuf::io::CodedOutputStream”的客户端使用
D:\Microsoft Visual Studio\IDE\VC\Tools\MSVC\14.31.31103\include\atomic(2744): message : 参见“std::atomic<bool>”的声明
D:\C++面试项目\项目一 ：对网络通信的数据进行加解密的传输模块\项目\project\EndDecCode\protobuf\include\google\protobuf\stubs\logging.h(102,15): warning C4251: “google::protobuf::internal::LogMessage::message_”: class“std::basic_string<char,std::char_traits<char>,std::allocator<char>>”需要有 dll 接口由 class“google::protobuf::internal::LogMessage”的客户端使用
D:\Microsoft Visual Studio\IDE\VC\Tools\MSVC\14.31.31103\include\xstring(4927): message : 参见“std::basic_string<char,std::char_traits<char>,std::allocator<char>>”的声明
D:\C++面试项目\项目一 ：对网络通信的数据进行加解密的传输模块\项目\project\EndDecCode\protobuf\include\google\protobuf\arena_impl.h(251,35): warning C4251: “google::protobuf::internal::ArenaImpl::lifecycle_id_generator_”: struct“std::atomic<__int64>”需要有 dll 接口由 class“google::protobuf::internal::ArenaImpl”的客户端使用
D:\Microsoft Visual Studio\IDE\VC\Tools\MSVC\14.31.31103\include\atomic(2755): message : 参见“std::atomic<__int64>”的声明
D:\C++面试项目\项目一 ：对网络通信的数据进行加解密的传输模块\项目\project\EndDecCode\protobuf\include\google\protobuf\arena_impl.h(285,7): warning C4251: “google::protobuf::internal::ArenaImpl::threads_”: struct“std::atomic<google::protobuf::internal::ArenaImpl::SerialArena *>”需要有 dll 接口由 class“google::protobuf::internal::ArenaImpl”的客户端使用
D:\C++面试项目\项目一 ：对网络通信的数据进行加解密的传输模块\项目\project\EndDecCode\protobuf\include\google\protobuf\arena_impl.h(284): message : 参见“std::atomic<google::protobuf::internal::ArenaImpl::SerialArena *>”的声明
D:\C++面试项目\项目一 ：对网络通信的数据进行加解密的传输模块\项目\project\EndDecCode\protobuf\include\google\protobuf\arena_impl.h(286,29): warning C4251: “google::protobuf::internal::ArenaImpl::hint_”: struct“std::atomic<google::protobuf::internal::ArenaImpl::SerialArena *>”需要有 dll 接口由 class“google::protobuf::internal::ArenaImpl”的客户端使用
D:\C++面试项目\项目一 ：对网络通信的数据进行加解密的传输模块\项目\project\EndDecCode\protobuf\include\google\protobuf\arena_impl.h(284): message : 参见“std::atomic<google::protobuf::internal::ArenaImpl::SerialArena *>”的声明
D:\C++面试项目\项目一 ：对网络通信的数据进行加解密的传输模块\项目\project\EndDecCode\protobuf\include\google\protobuf\arena_impl.h(287,23): warning C4251: “google::protobuf::internal::ArenaImpl::space_allocated_”: struct“std::atomic<unsigned int>”需要有 dll 接口由 class“google::protobuf::internal::ArenaImpl”的客户端使用
D:\Microsoft Visual Studio\IDE\VC\Tools\MSVC\14.31.31103\include\atomic(2752): message : 参见“std::atomic<unsigned int>”的声明
D:\C++面试项目\项目一 ：对网络通信的数据进行加解密的传输模块\项目\project\EndDecCode\protobuf\include\google\protobuf\arena_impl.h(299,11): warning C4251: “google::protobuf::internal::ArenaImpl::options_”: struct“google::protobuf::internal::ArenaImpl::Options”需要有 dll 接口由 class“google::protobuf::internal::ArenaImpl”的客户端使用
D:\C++面试项目\项目一 ：对网络通信的数据进行加解密的传输模块\项目\project\EndDecCode\protobuf\include\google\protobuf\arena_impl.h(68): message : 参见“google::protobuf::internal::ArenaImpl::Options”的声明
D:\C++面试项目\项目一 ：对网络通信的数据进行加解密的传输模块\项目\project\EndDecCode\protobuf\include\google\protobuf\implicit_weak_message.h(97,15): warning C4251: “google::protobuf::internal::ImplicitWeakMessage::data_”: class“std::basic_string<char,std::char_traits<char>,std::allocator<char>>”需要有 dll 接口由 class“google::protobuf::internal::ImplicitWeakMessage”的客户端使用
D:\Microsoft Visual Studio\IDE\VC\Tools\MSVC\14.31.31103\include\xstring(4927): message : 参见“std::basic_string<char,std::char_traits<char>,std::allocator<char>>”的声明
D:\C++面试项目\项目一 ：对网络通信的数据进行加解密的传输模块\项目\project\EndDecCode\protobuf\include\google\protobuf\repeated_field.h(292,5): warning C4251: “google::protobuf::RepeatedField<bool>::ptr_”: union“google::protobuf::RepeatedField<bool>::Pointer”需要有 dll 接口由 class“google::protobuf::RepeatedField<bool>”的客户端使用
D:\C++面试项目\项目一 ：对网络通信的数据进行加解密的传输模块\项目\project\EndDecCode\protobuf\include\google\protobuf\repeated_field.h(288): message : 参见“google::protobuf::RepeatedField<bool>::Pointer”的声明
D:\C++面试项目\项目一 ：对网络通信的数据进行加解密的传输模块\项目\project\EndDecCode\protobuf\include\google\protobuf\repeated_field.h(2654): message : 查看对正在编译的 类 模板 实例化“google::protobuf::RepeatedField<bool>”的引用
D:\C++面试项目\项目一 ：对网络通信的数据进行加解密的传输模块\项目\project\EndDecCode\protobuf\include\google\protobuf\repeated_field.h(292,5): warning C4251: “google::protobuf::RepeatedField<google::protobuf::int32>::ptr_”: union“google::protobuf::RepeatedField<google::protobuf::int32>::Pointer”需要有 dll 接口由 class“google::protobuf::RepeatedField<google::protobuf::int32>”的客户端使用
D:\C++面试项目\项目一 ：对网络通信的数据进行加解密的传输模块\项目\project\EndDecCode\protobuf\include\google\protobuf\repeated_field.h(288): message : 参见“google::protobuf::RepeatedField<google::protobuf::int32>::Pointer”的声明
D:\C++面试项目\项目一 ：对网络通信的数据进行加解密的传输模块\项目\project\EndDecCode\protobuf\include\google\protobuf\repeated_field.h(2655): message : 查看对正在编译的 类 模板 实例化“google::protobuf::RepeatedField<google::protobuf::int32>”的引用
D:\C++面试项目\项目一 ：对网络通信的数据进行加解密的传输模块\项目\project\EndDecCode\protobuf\include\google\protobuf\repeated_field.h(292,5): warning C4251: “google::protobuf::RepeatedField<google::protobuf::uint32>::ptr_”: union“google::protobuf::RepeatedField<google::protobuf::uint32>::Pointer”需要有 dll 接口由 class“google::protobuf::RepeatedField<google::protobuf::uint32>”的客户端使用
D:\C++面试项目\项目一 ：对网络通信的数据进行加解密的传输模块\项目\project\EndDecCode\protobuf\include\google\protobuf\repeated_field.h(288): message : 参见“google::protobuf::RepeatedField<google::protobuf::uint32>::Pointer”的声明
D:\C++面试项目\项目一 ：对网络通信的数据进行加解密的传输模块\项目\project\EndDecCode\protobuf\include\google\protobuf\repeated_field.h(2656): message : 查看对正在编译的 类 模板 实例化“google::protobuf::RepeatedField<google::protobuf::uint32>”的引用
D:\C++面试项目\项目一 ：对网络通信的数据进行加解密的传输模块\项目\project\EndDecCode\protobuf\include\google\protobuf\repeated_field.h(292,5): warning C4251: “google::protobuf::RepeatedField<google::protobuf::int64>::ptr_”: union“google::protobuf::RepeatedField<google::protobuf::int64>::Pointer”需要有 dll 接口由 class“google::protobuf::RepeatedField<google::protobuf::int64>”的客户端使用
D:\C++面试项目\项目一 ：对网络通信的数据进行加解密的传输模块\项目\project\EndDecCode\protobuf\include\google\protobuf\repeated_field.h(288): message : 参见“google::protobuf::RepeatedField<google::protobuf::int64>::Pointer”的声明
D:\C++面试项目\项目一 ：对网络通信的数据进行加解密的传输模块\项目\project\EndDecCode\protobuf\include\google\protobuf\repeated_field.h(2657): message : 查看对正在编译的 类 模板 实例化“google::protobuf::RepeatedField<google::protobuf::int64>”的引用
D:\C++面试项目\项目一 ：对网络通信的数据进行加解密的传输模块\项目\project\EndDecCode\protobuf\include\google\protobuf\repeated_field.h(292,5): warning C4251: “google::protobuf::RepeatedField<google::protobuf::uint64>::ptr_”: union“google::protobuf::RepeatedField<google::protobuf::uint64>::Pointer”需要有 dll 接口由 class“google::protobuf::RepeatedField<google::protobuf::uint64>”的客户端使用
D:\C++面试项目\项目一 ：对网络通信的数据进行加解密的传输模块\项目\project\EndDecCode\protobuf\include\google\protobuf\repeated_field.h(288): message : 参见“google::protobuf::RepeatedField<google::protobuf::uint64>::Pointer”的声明
D:\C++面试项目\项目一 ：对网络通信的数据进行加解密的传输模块\项目\project\EndDecCode\protobuf\include\google\protobuf\repeated_field.h(2658): message : 查看对正在编译的 类 模板 实例化“google::protobuf::RepeatedField<google::protobuf::uint64>”的引用
D:\C++面试项目\项目一 ：对网络通信的数据进行加解密的传输模块\项目\project\EndDecCode\protobuf\include\google\protobuf\repeated_field.h(292,5): warning C4251: “google::protobuf::RepeatedField<float>::ptr_”: union“google::protobuf::RepeatedField<float>::Pointer”需要有 dll 接口由 class“google::protobuf::RepeatedField<float>”的客户端使用
D:\C++面试项目\项目一 ：对网络通信的数据进行加解密的传输模块\项目\project\EndDecCode\protobuf\include\google\protobuf\repeated_field.h(288): message : 参见“google::protobuf::RepeatedField<float>::Pointer”的声明
D:\C++面试项目\项目一 ：对网络通信的数据进行加解密的传输模块\项目\project\EndDecCode\protobuf\include\google\protobuf\repeated_field.h(2659): message : 查看对正在编译的 类 模板 实例化“google::protobuf::RepeatedField<float>”的引用
D:\C++面试项目\项目一 ：对网络通信的数据进行加解密的传输模块\项目\project\EndDecCode\protobuf\include\google\protobuf\repeated_field.h(292,5): warning C4251: “google::protobuf::RepeatedField<double>::ptr_”: union“google::protobuf::RepeatedField<double>::Pointer”需要有 dll 接口由 class“google::protobuf::RepeatedField<double>”的客户端使用
D:\C++面试项目\项目一 ：对网络通信的数据进行加解密的传输模块\项目\project\EndDecCode\protobuf\include\google\protobuf\repeated_field.h(288): message : 参见“google::protobuf::RepeatedField<double>::Pointer”的声明
D:\C++面试项目\项目一 ：对网络通信的数据进行加解密的传输模块\项目\project\EndDecCode\protobuf\include\google\protobuf\repeated_field.h(2660): message : 查看对正在编译的 类 模板 实例化“google::protobuf::RepeatedField<double>”的引用
D:\C++面试项目\项目一 ：对网络通信的数据进行加解密的传输模块\项目\project\EndDecCode\protobuf\include\google\protobuf\generated_message_util.h(175,20): warning C4251: “google::protobuf::internal::CachedSize::size_”: struct“std::atomic<int>”需要有 dll 接口由 class“google::protobuf::internal::CachedSize”的客户端使用
D:\Microsoft Visual Studio\IDE\VC\Tools\MSVC\14.31.31103\include\atomic(2751): message : 参见“std::atomic<int>”的声明
D:\C++面试项目\项目一 ：对网络通信的数据进行加解密的传输模块\项目\project\EndDecCode\protobuf\include\google\protobuf\metadata_lite.h(226,15): warning C4251: “google::protobuf::internal::LiteUnknownFieldSetter::buffer_”: class“std::basic_string<char,std::char_traits<char>,std::allocator<char>>”需要有 dll 接口由 class“google::protobuf::internal::LiteUnknownFieldSetter”的客户端使用
D:\Microsoft Visual Studio\IDE\VC\Tools\MSVC\14.31.31103\include\xstring(4927): message : 参见“std::basic_string<char,std::char_traits<char>,std::allocator<char>>”的声明
D:\C++面试项目\项目一 ：对网络通信的数据进行加解密的传输模块\项目\project\EndDecCode\protobuf\include\google\protobuf\inlined_string_field.h(158,15): warning C4251: “google::protobuf::internal::InlinedStringField::value_”: class“std::basic_string<char,std::char_traits<char>,std::allocator<char>>”需要有 dll 接口由 class“google::protobuf::internal::InlinedStringField”的客户端使用
D:\Microsoft Visual Studio\IDE\VC\Tools\MSVC\14.31.31103\include\xstring(4927): message : 参见“std::basic_string<char,std::char_traits<char>,std::allocator<char>>”的声明
D:\C++面试项目\项目一 ：对网络通信的数据进行加解密的传输模块\项目\project\EndDecCode\protobuf\include\google\protobuf\unknown_field_set.h(182,29): warning C4251: “google::protobuf::UnknownFieldSet::fields_”: class“std::vector<google::protobuf::UnknownField,std::allocator<google::protobuf::UnknownField>>”需要有 dll 接口由 class“google::protobuf::UnknownFieldSet”的客户端使用
D:\C++面试项目\项目一 ：对网络通信的数据进行加解密的传输模块\项目\project\EndDecCode\protobuf\include\google\protobuf\unknown_field_set.h(182): message : 参见“std::vector<google::protobuf::UnknownField,std::allocator<google::protobuf::UnknownField>>”的声明
D:\C++面试项目\项目一 ：对网络通信的数据进行加解密的传输模块\项目\project\EndDecCode\protobuf\include\google\protobuf\stubs\mutex.h(107,14): warning C4251: “google::protobuf::internal::WrappedMutex::mu_”: class“std::mutex”需要有 dll 接口由 class“google::protobuf::internal::WrappedMutex”的客户端使用
D:\Microsoft Visual Studio\IDE\VC\Tools\MSVC\14.31.31103\include\mutex(86): message : 参见“std::mutex”的声明
D:\C++面试项目\项目一 ：对网络通信的数据进行加解密的传输模块\项目\project\EndDecCode\protobuf\include\google\protobuf\descriptor.h(1839,27): warning C4251: “google::protobuf::DescriptorPool::tables_”: class“std::unique_ptr<google::protobuf::DescriptorPool::Tables,std::default_delete<google::protobuf::DescriptorPool::Tables>>”需要有 dll 接口由 class“google::protobuf::DescriptorPool”的客户端使用
D:\C++面试项目\项目一 ：对网络通信的数据进行加解密的传输模块\项目\project\EndDecCode\protobuf\include\google\protobuf\descriptor.h(1839): message : 参见“std::unique_ptr<google::protobuf::DescriptorPool::Tables,std::default_delete<google::protobuf::DescriptorPool::Tables>>”的声明
D:\C++面试项目\项目一 ：对网络通信的数据进行加解密的传输模块\项目\project\EndDecCode\protobuf\include\google\protobuf\descriptor.h(1846,25): warning C4251: “google::protobuf::DescriptorPool::unused_import_track_files_”: class“std::set<std::string,std::less<std::string>,std::allocator<std::string>>”需要有 dll 接口由 class“google::protobuf::DescriptorPool”的客户端使用
D:\C++面试项目\项目一 ：对网络通信的数据进行加解密的传输模块\项目\project\EndDecCode\protobuf\include\google\protobuf\descriptor.h(1846): message : 参见“std::set<std::string,std::less<std::string>,std::allocator<std::string>>”的声明
  RequestFactory.cpp
D:\C++面试项目\项目一 ：对网络通信的数据进行加解密的传输模块\项目\project\EndDecCode\protobuf\include\google\protobuf\io\coded_stream.h(881,28): warning C4251: “google::protobuf::io::CodedOutputStream::default_serialization_deterministic_”: struct“std::atomic<bool>”需要有 dll 接口由 class“google::protobuf::io::CodedOutputStream”的客户端使用
D:\Microsoft Visual Studio\IDE\VC\Tools\MSVC\14.31.31103\include\atomic(2744): message : 参见“std::atomic<bool>”的声明
D:\C++面试项目\项目一 ：对网络通信的数据进行加解密的传输模块\项目\project\EndDecCode\protobuf\include\google\protobuf\stubs\logging.h(102,15): warning C4251: “google::protobuf::internal::LogMessage::message_”: class“std::basic_string<char,std::char_traits<char>,std::allocator<char>>”需要有 dll 接口由 class“google::protobuf::internal::LogMessage”的客户端使用
D:\Microsoft Visual Studio\IDE\VC\Tools\MSVC\14.31.31103\include\xstring(4927): message : 参见“std::basic_string<char,std::char_traits<char>,std::allocator<char>>”的声明
D:\C++面试项目\项目一 ：对网络通信的数据进行加解密的传输模块\项目\project\EndDecCode\protobuf\include\google\protobuf\arena_impl.h(251,35): warning C4251: “google::protobuf::internal::ArenaImpl::lifecycle_id_generator_”: struct“std::atomic<__int64>”需要有 dll 接口由 class“google::protobuf::internal::ArenaImpl”的客户端使用
D:\Microsoft Visual Studio\IDE\VC\Tools\MSVC\14.31.31103\include\atomic(2755): message : 参见“std::atomic<__int64>”的声明
D:\C++面试项目\项目一 ：对网络通信的数据进行加解密的传输模块\项目\project\EndDecCode\protobuf\include\google\protobuf\arena_impl.h(285,7): warning C4251: “google::protobuf::internal::ArenaImpl::threads_”: struct“std::atomic<google::protobuf::internal::ArenaImpl::SerialArena *>”需要有 dll 接口由 class“google::protobuf::internal::ArenaImpl”的客户端使用
D:\C++面试项目\项目一 ：对网络通信的数据进行加解密的传输模块\项目\project\EndDecCode\protobuf\include\google\protobuf\arena_impl.h(284): message : 参见“std::atomic<google::protobuf::internal::ArenaImpl::SerialArena *>”的声明
D:\C++面试项目\项目一 ：对网络通信的数据进行加解密的传输模块\项目\project\EndDecCode\protobuf\include\google\protobuf\arena_impl.h(286,29): warning C4251: “google::protobuf::internal::ArenaImpl::hint_”: struct“std::atomic<google::protobuf::internal::ArenaImpl::SerialArena *>”需要有 dll 接口由 class“google::protobuf::internal::ArenaImpl”的客户端使用
D:\C++面试项目\项目一 ：对网络通信的数据进行加解密的传输模块\项目\project\EndDecCode\protobuf\include\google\protobuf\arena_impl.h(284): message : 参见“std::atomic<google::protobuf::internal::ArenaImpl::SerialArena *>”的声明
D:\C++面试项目\项目一 ：对网络通信的数据进行加解密的传输模块\项目\project\EndDecCode\protobuf\include\google\protobuf\arena_impl.h(287,23): warning C4251: “google::protobuf::internal::ArenaImpl::space_allocated_”: struct“std::atomic<unsigned int>”需要有 dll 接口由 class“google::protobuf::internal::ArenaImpl”的客户端使用
D:\Microsoft Visual Studio\IDE\VC\Tools\MSVC\14.31.31103\include\atomic(2752): message : 参见“std::atomic<unsigned int>”的声明
D:\C++面试项目\项目一 ：对网络通信的数据进行加解密的传输模块\项目\project\EndDecCode\protobuf\include\google\protobuf\arena_impl.h(299,11): warning C4251: “google::protobuf::internal::ArenaImpl::options_”: struct“google::protobuf::internal::ArenaImpl::Options”需要有 dll 接口由 class“google::protobuf::internal::ArenaImpl”的客户端使用
D:\C++面试项目\项目一 ：对网络通信的数据进行加解密的传输模块\项目\project\EndDecCode\protobuf\include\google\protobuf\arena_impl.h(68): message : 参见“google::protobuf::internal::ArenaImpl::Options”的声明
D:\C++面试项目\项目一 ：对网络通信的数据进行加解密的传输模块\项目\project\EndDecCode\protobuf\include\google\protobuf\implicit_weak_message.h(97,15): warning C4251: “google::protobuf::internal::ImplicitWeakMessage::data_”: class“std::basic_string<char,std::char_traits<char>,std::allocator<char>>”需要有 dll 接口由 class“google::protobuf::internal::ImplicitWeakMessage”的客户端使用
D:\Microsoft Visual Studio\IDE\VC\Tools\MSVC\14.31.31103\include\xstring(4927): message : 参见“std::basic_string<char,std::char_traits<char>,std::allocator<char>>”的声明
D:\C++面试项目\项目一 ：对网络通信的数据进行加解密的传输模块\项目\project\EndDecCode\protobuf\include\google\protobuf\repeated_field.h(292,5): warning C4251: “google::protobuf::RepeatedField<bool>::ptr_”: union“google::protobuf::RepeatedField<bool>::Pointer”需要有 dll 接口由 class“google::protobuf::RepeatedField<bool>”的客户端使用
D:\C++面试项目\项目一 ：对网络通信的数据进行加解密的传输模块\项目\project\EndDecCode\protobuf\include\google\protobuf\repeated_field.h(288): message : 参见“google::protobuf::RepeatedField<bool>::Pointer”的声明
D:\C++面试项目\项目一 ：对网络通信的数据进行加解密的传输模块\项目\project\EndDecCode\protobuf\include\google\protobuf\repeated_field.h(2654): message : 查看对正在编译的 类 模板 实例化“google::protobuf::RepeatedField<bool>”的引用
D:\C++面试项目\项目一 ：对网络通信的数据进行加解密的传输模块\项目\project\EndDecCode\protobuf\include\google\protobuf\repeated_field.h(292,5): warning C4251: “google::protobuf::RepeatedField<google::protobuf::int32>::ptr_”: union“google::protobuf::RepeatedField<google::protobuf::int32>::Pointer”需要有 dll 接口由 class“google::protobuf::RepeatedField<google::protobuf::int32>”的客户端使用
D:\C++面试项目\项目一 ：对网络通信的数据进行加解密的传输模块\项目\project\EndDecCode\protobuf\include\google\protobuf\repeated_field.h(288): message : 参见“google::protobuf::RepeatedField<google::protobuf::int32>::Pointer”的声明
D:\C++面试项目\项目一 ：对网络通信的数据进行加解密的传输模块\项目\project\EndDecCode\protobuf\include\google\protobuf\repeated_field.h(2655): message : 查看对正在编译的 类 模板 实例化“google::protobuf::RepeatedField<google::protobuf::int32>”的引用
D:\C++面试项目\项目一 ：对网络通信的数据进行加解密的传输模块\项目\project\EndDecCode\protobuf\include\google\protobuf\repeated_field.h(292,5): warning C4251: “google::protobuf::RepeatedField<google::protobuf::uint32>::ptr_”: union“google::protobuf::RepeatedField<google::protobuf::uint32>::Pointer”需要有 dll 接口由 class“google::protobuf::RepeatedField<google::protobuf::uint32>”的客户端使用
D:\C++面试项目\项目一 ：对网络通信的数据进行加解密的传输模块\项目\project\EndDecCode\protobuf\include\google\protobuf\repeated_field.h(288): message : 参见“google::protobuf::RepeatedField<google::protobuf::uint32>::Pointer”的声明
D:\C++面试项目\项目一 ：对网络通信的数据进行加解密的传输模块\项目\project\EndDecCode\protobuf\include\google\protobuf\repeated_field.h(2656): message : 查看对正在编译的 类 模板 实例化“google::protobuf::RepeatedField<google::protobuf::uint32>”的引用
D:\C++面试项目\项目一 ：对网络通信的数据进行加解密的传输模块\项目\project\EndDecCode\protobuf\include\google\protobuf\repeated_field.h(292,5): warning C4251: “google::protobuf::RepeatedField<google::protobuf::int64>::ptr_”: union“google::protobuf::RepeatedField<google::protobuf::int64>::Pointer”需要有 dll 接口由 class“google::protobuf::RepeatedField<google::protobuf::int64>”的客户端使用
D:\C++面试项目\项目一 ：对网络通信的数据进行加解密的传输模块\项目\project\EndDecCode\protobuf\include\google\protobuf\repeated_field.h(288): message : 参见“google::protobuf::RepeatedField<google::protobuf::int64>::Pointer”的声明
D:\C++面试项目\项目一 ：对网络通信的数据进行加解密的传输模块\项目\project\EndDecCode\protobuf\include\google\protobuf\repeated_field.h(2657): message : 查看对正在编译的 类 模板 实例化“google::protobuf::RepeatedField<google::protobuf::int64>”的引用
D:\C++面试项目\项目一 ：对网络通信的数据进行加解密的传输模块\项目\project\EndDecCode\protobuf\include\google\protobuf\repeated_field.h(292,5): warning C4251: “google::protobuf::RepeatedField<google::protobuf::uint64>::ptr_”: union“google::protobuf::RepeatedField<google::protobuf::uint64>::Pointer”需要有 dll 接口由 class“google::protobuf::RepeatedField<google::protobuf::uint64>”的客户端使用
D:\C++面试项目\项目一 ：对网络通信的数据进行加解密的传输模块\项目\project\EndDecCode\protobuf\include\google\protobuf\repeated_field.h(288): message : 参见“google::protobuf::RepeatedField<google::protobuf::uint64>::Pointer”的声明
D:\C++面试项目\项目一 ：对网络通信的数据进行加解密的传输模块\项目\project\EndDecCode\protobuf\include\google\protobuf\repeated_field.h(2658): message : 查看对正在编译的 类 模板 实例化“google::protobuf::RepeatedField<google::protobuf::uint64>”的引用
D:\C++面试项目\项目一 ：对网络通信的数据进行加解密的传输模块\项目\project\EndDecCode\protobuf\include\google\protobuf\repeated_field.h(292,5): warning C4251: “google::protobuf::RepeatedField<float>::ptr_”: union“google::protobuf::RepeatedField<float>::Pointer”需要有 dll 接口由 class“google::protobuf::RepeatedField<float>”的客户端使用
D:\C++面试项目\项目一 ：对网络通信的数据进行加解密的传输模块\项目\project\EndDecCode\protobuf\include\google\protobuf\repeated_field.h(288): message : 参见“google::protobuf::RepeatedField<float>::Pointer”的声明
D:\C++面试项目\项目一 ：对网络通信的数据进行加解密的传输模块\项目\project\EndDecCode\protobuf\include\google\protobuf\repeated_field.h(2659): message : 查看对正在编译的 类 模板 实例化“google::protobuf::RepeatedField<float>”的引用
D:\C++面试项目\项目一 ：对网络通信的数据进行加解密的传输模块\项目\project\EndDecCode\protobuf\include\google\protobuf\repeated_field.h(292,5): warning C4251: “google::protobuf::RepeatedField<double>::ptr_”: union“google::protobuf::RepeatedField<double>::Pointer”需要有 dll 接口由 class“google::protobuf::RepeatedField<double>”的客户端使用
D:\C++面试项目\项目一 ：对网络通信的数据进行加解密的传输模块\项目\project\EndDecCode\protobuf\include\google\protobuf\repeated_field.h(288): message : 参见“google::protobuf::RepeatedField<double>::Pointer”的声明
D:\C++面试项目\项目一 ：对网络通信的数据进行加解密的传输模块\项目\project\EndDecCode\protobuf\include\google\protobuf\repeated_field.h(2660): message : 查看对正在编译的 类 模板 实例化“google::protobuf::RepeatedField<double>”的引用
D:\C++面试项目\项目一 ：对网络通信的数据进行加解密的传输模块\项目\project\EndDecCode\protobuf\include\google\protobuf\generated_message_util.h(175,20): warning C4251: “google::protobuf::internal::CachedSize::size_”: struct“std::atomic<int>”需要有 dll 接口由 class“google::protobuf::internal::CachedSize”的客户端使用
D:\Microsoft Visual Studio\IDE\VC\Tools\MSVC\14.31.31103\include\atomic(2751): message : 参见“std::atomic<int>”的声明
D:\C++面试项目\项目一 ：对网络通信的数据进行加解密的传输模块\项目\project\EndDecCode\protobuf\include\google\protobuf\metadata_lite.h(226,15): warning C4251: “google::protobuf::internal::LiteUnknownFieldSetter::buffer_”: class“std::basic_string<char,std::char_traits<char>,std::allocator<char>>”需要有 dll 接口由 class“google::protobuf::internal::LiteUnknownFieldSetter”的客户端使用
D:\Microsoft Visual Studio\IDE\VC\Tools\MSVC\14.31.31103\include\xstring(4927): message : 参见“std::basic_string<char,std::char_traits<char>,std::allocator<char>>”的声明
D:\C++面试项目\项目一 ：对网络通信的数据进行加解密的传输模块\项目\project\EndDecCode\protobuf\include\google\protobuf\inlined_string_field.h(158,15): warning C4251: “google::protobuf::internal::InlinedStringField::value_”: class“std::basic_string<char,std::char_traits<char>,std::allocator<char>>”需要有 dll 接口由 class“google::protobuf::internal::InlinedStringField”的客户端使用
D:\Microsoft Visual Studio\IDE\VC\Tools\MSVC\14.31.31103\include\xstring(4927): message : 参见“std::basic_string<char,std::char_traits<char>,std::allocator<char>>”的声明
D:\C++面试项目\项目一 ：对网络通信的数据进行加解密的传输模块\项目\project\EndDecCode\protobuf\include\google\protobuf\unknown_field_set.h(182,29): warning C4251: “google::protobuf::UnknownFieldSet::fields_”: class“std::vector<google::protobuf::UnknownField,std::allocator<google::protobuf::UnknownField>>”需要有 dll 接口由 class“google::protobuf::UnknownFieldSet”的客户端使用
D:\C++面试项目\项目一 ：对网络通信的数据进行加解密的传输模块\项目\project\EndDecCode\protobuf\include\google\protobuf\unknown_field_set.h(182): message : 参见“std::vector<google::protobuf::UnknownField,std::allocator<google::protobuf::UnknownField>>”的声明
D:\C++面试项目\项目一 ：对网络通信的数据进行加解密的传输模块\项目\project\EndDecCode\protobuf\include\google\protobuf\stubs\mutex.h(107,14): warning C4251: “google::protobuf::internal::WrappedMutex::mu_”: class“std::mutex”需要有 dll 接口由 class“google::protobuf::internal::WrappedMutex”的客户端使用
D:\Microsoft Visual Studio\IDE\VC\Tools\MSVC\14.31.31103\include\mutex(86): message : 参见“std::mutex”的声明
D:\C++面试项目\项目一 ：对网络通信的数据进行加解密的传输模块\项目\project\EndDecCode\protobuf\include\google\protobuf\descriptor.h(1839,27): warning C4251: “google::protobuf::DescriptorPool::tables_”: class“std::unique_ptr<google::protobuf::DescriptorPool::Tables,std::default_delete<google::protobuf::DescriptorPool::Tables>>”需要有 dll 接口由 class“google::protobuf::DescriptorPool”的客户端使用
D:\C++面试项目\项目一 ：对网络通信的数据进行加解密的传输模块\项目\project\EndDecCode\protobuf\include\google\protobuf\descriptor.h(1839): message : 参见“std::unique_ptr<google::protobuf::DescriptorPool::Tables,std::default_delete<google::protobuf::DescriptorPool::Tables>>”的声明
D:\C++面试项目\项目一 ：对网络通信的数据进行加解密的传输模块\项目\project\EndDecCode\protobuf\include\google\protobuf\descriptor.h(1846,25): warning C4251: “google::protobuf::DescriptorPool::unused_import_track_files_”: class“std::set<std::string,std::less<std::string>,std::allocator<std::string>>”需要有 dll 接口由 class“google::protobuf::DescriptorPool”的客户端使用
D:\C++面试项目\项目一 ：对网络通信的数据进行加解密的传输模块\项目\project\EndDecCode\protobuf\include\google\protobuf\descriptor.h(1846): message : 参见“std::set<std::string,std::less<std::string>,std::allocator<std::string>>”的声明
  ResponseCodec.cpp
D:\C++面试项目\项目一 ：对网络通信的数据进行加解密的传输模块\项目\project\EndDecCode\protobuf\include\google\protobuf\io\coded_stream.h(881,28): warning C4251: “google::protobuf::io::CodedOutputStream::default_serialization_deterministic_”: struct“std::atomic<bool>”需要有 dll 接口由 class“google::protobuf::io::CodedOutputStream”的客户端使用
D:\Microsoft Visual Studio\IDE\VC\Tools\MSVC\14.31.31103\include\atomic(2744): message : 参见“std::atomic<bool>”的声明
D:\C++面试项目\项目一 ：对网络通信的数据进行加解密的传输模块\项目\project\EndDecCode\protobuf\include\google\protobuf\stubs\logging.h(102,15): warning C4251: “google::protobuf::internal::LogMessage::message_”: class“std::basic_string<char,std::char_traits<char>,std::allocator<char>>”需要有 dll 接口由 class“google::protobuf::internal::LogMessage”的客户端使用
D:\Microsoft Visual Studio\IDE\VC\Tools\MSVC\14.31.31103\include\xstring(4927): message : 参见“std::basic_string<char,std::char_traits<char>,std::allocator<char>>”的声明
D:\C++面试项目\项目一 ：对网络通信的数据进行加解密的传输模块\项目\project\EndDecCode\protobuf\include\google\protobuf\arena_impl.h(251,35): warning C4251: “google::protobuf::internal::ArenaImpl::lifecycle_id_generator_”: struct“std::atomic<__int64>”需要有 dll 接口由 class“google::protobuf::internal::ArenaImpl”的客户端使用
D:\Microsoft Visual Studio\IDE\VC\Tools\MSVC\14.31.31103\include\atomic(2755): message : 参见“std::atomic<__int64>”的声明
D:\C++面试项目\项目一 ：对网络通信的数据进行加解密的传输模块\项目\project\EndDecCode\protobuf\include\google\protobuf\arena_impl.h(285,7): warning C4251: “google::protobuf::internal::ArenaImpl::threads_”: struct“std::atomic<google::protobuf::internal::ArenaImpl::SerialArena *>”需要有 dll 接口由 class“google::protobuf::internal::ArenaImpl”的客户端使用
D:\C++面试项目\项目一 ：对网络通信的数据进行加解密的传输模块\项目\project\EndDecCode\protobuf\include\google\protobuf\arena_impl.h(284): message : 参见“std::atomic<google::protobuf::internal::ArenaImpl::SerialArena *>”的声明
D:\C++面试项目\项目一 ：对网络通信的数据进行加解密的传输模块\项目\project\EndDecCode\protobuf\include\google\protobuf\arena_impl.h(286,29): warning C4251: “google::protobuf::internal::ArenaImpl::hint_”: struct“std::atomic<google::protobuf::internal::ArenaImpl::SerialArena *>”需要有 dll 接口由 class“google::protobuf::internal::ArenaImpl”的客户端使用
D:\C++面试项目\项目一 ：对网络通信的数据进行加解密的传输模块\项目\project\EndDecCode\protobuf\include\google\protobuf\arena_impl.h(284): message : 参见“std::atomic<google::protobuf::internal::ArenaImpl::SerialArena *>”的声明
D:\C++面试项目\项目一 ：对网络通信的数据进行加解密的传输模块\项目\project\EndDecCode\protobuf\include\google\protobuf\arena_impl.h(287,23): warning C4251: “google::protobuf::internal::ArenaImpl::space_allocated_”: struct“std::atomic<unsigned int>”需要有 dll 接口由 class“google::protobuf::internal::ArenaImpl”的客户端使用
D:\Microsoft Visual Studio\IDE\VC\Tools\MSVC\14.31.31103\include\atomic(2752): message : 参见“std::atomic<unsigned int>”的声明
D:\C++面试项目\项目一 ：对网络通信的数据进行加解密的传输模块\项目\project\EndDecCode\protobuf\include\google\protobuf\arena_impl.h(299,11): warning C4251: “google::protobuf::internal::ArenaImpl::options_”: struct“google::protobuf::internal::ArenaImpl::Options”需要有 dll 接口由 class“google::protobuf::internal::ArenaImpl”的客户端使用
D:\C++面试项目\项目一 ：对网络通信的数据进行加解密的传输模块\项目\project\EndDecCode\protobuf\include\google\protobuf\arena_impl.h(68): message : 参见“google::protobuf::internal::ArenaImpl::Options”的声明
D:\C++面试项目\项目一 ：对网络通信的数据进行加解密的传输模块\项目\project\EndDecCode\protobuf\include\google\protobuf\implicit_weak_message.h(97,15): warning C4251: “google::protobuf::internal::ImplicitWeakMessage::data_”: class“std::basic_string<char,std::char_traits<char>,std::allocator<char>>”需要有 dll 接口由 class“google::protobuf::internal::ImplicitWeakMessage”的客户端使用
D:\Microsoft Visual Studio\IDE\VC\Tools\MSVC\14.31.31103\include\xstring(4927): message : 参见“std::basic_string<char,std::char_traits<char>,std::allocator<char>>”的声明
D:\C++面试项目\项目一 ：对网络通信的数据进行加解密的传输模块\项目\project\EndDecCode\protobuf\include\google\protobuf\repeated_field.h(292,5): warning C4251: “google::protobuf::RepeatedField<bool>::ptr_”: union“google::protobuf::RepeatedField<bool>::Pointer”需要有 dll 接口由 class“google::protobuf::RepeatedField<bool>”的客户端使用
D:\C++面试项目\项目一 ：对网络通信的数据进行加解密的传输模块\项目\project\EndDecCode\protobuf\include\google\protobuf\repeated_field.h(288): message : 参见“google::protobuf::RepeatedField<bool>::Pointer”的声明
D:\C++面试项目\项目一 ：对网络通信的数据进行加解密的传输模块\项目\project\EndDecCode\protobuf\include\google\protobuf\repeated_field.h(2654): message : 查看对正在编译的 类 模板 实例化“google::protobuf::RepeatedField<bool>”的引用
D:\C++面试项目\项目一 ：对网络通信的数据进行加解密的传输模块\项目\project\EndDecCode\protobuf\include\google\protobuf\repeated_field.h(292,5): warning C4251: “google::protobuf::RepeatedField<google::protobuf::int32>::ptr_”: union“google::protobuf::RepeatedField<google::protobuf::int32>::Pointer”需要有 dll 接口由 class“google::protobuf::RepeatedField<google::protobuf::int32>”的客户端使用
D:\C++面试项目\项目一 ：对网络通信的数据进行加解密的传输模块\项目\project\EndDecCode\protobuf\include\google\protobuf\repeated_field.h(288): message : 参见“google::protobuf::RepeatedField<google::protobuf::int32>::Pointer”的声明
D:\C++面试项目\项目一 ：对网络通信的数据进行加解密的传输模块\项目\project\EndDecCode\protobuf\include\google\protobuf\repeated_field.h(2655): message : 查看对正在编译的 类 模板 实例化“google::protobuf::RepeatedField<google::protobuf::int32>”的引用
D:\C++面试项目\项目一 ：对网络通信的数据进行加解密的传输模块\项目\project\EndDecCode\protobuf\include\google\protobuf\repeated_field.h(292,5): warning C4251: “google::protobuf::RepeatedField<google::protobuf::uint32>::ptr_”: union“google::protobuf::RepeatedField<google::protobuf::uint32>::Pointer”需要有 dll 接口由 class“google::protobuf::RepeatedField<google::protobuf::uint32>”的客户端使用
D:\C++面试项目\项目一 ：对网络通信的数据进行加解密的传输模块\项目\project\EndDecCode\protobuf\include\google\protobuf\repeated_field.h(288): message : 参见“google::protobuf::RepeatedField<google::protobuf::uint32>::Pointer”的声明
D:\C++面试项目\项目一 ：对网络通信的数据进行加解密的传输模块\项目\project\EndDecCode\protobuf\include\google\protobuf\repeated_field.h(2656): message : 查看对正在编译的 类 模板 实例化“google::protobuf::RepeatedField<google::protobuf::uint32>”的引用
D:\C++面试项目\项目一 ：对网络通信的数据进行加解密的传输模块\项目\project\EndDecCode\protobuf\include\google\protobuf\repeated_field.h(292,5): warning C4251: “google::protobuf::RepeatedField<google::protobuf::int64>::ptr_”: union“google::protobuf::RepeatedField<google::protobuf::int64>::Pointer”需要有 dll 接口由 class“google::protobuf::RepeatedField<google::protobuf::int64>”的客户端使用
D:\C++面试项目\项目一 ：对网络通信的数据进行加解密的传输模块\项目\project\EndDecCode\protobuf\include\google\protobuf\repeated_field.h(288): message : 参见“google::protobuf::RepeatedField<google::protobuf::int64>::Pointer”的声明
D:\C++面试项目\项目一 ：对网络通信的数据进行加解密的传输模块\项目\project\EndDecCode\protobuf\include\google\protobuf\repeated_field.h(2657): message : 查看对正在编译的 类 模板 实例化“google::protobuf::RepeatedField<google::protobuf::int64>”的引用
D:\C++面试项目\项目一 ：对网络通信的数据进行加解密的传输模块\项目\project\EndDecCode\protobuf\include\google\protobuf\repeated_field.h(292,5): warning C4251: “google::protobuf::RepeatedField<google::protobuf::uint64>::ptr_”: union“google::protobuf::RepeatedField<google::protobuf::uint64>::Pointer”需要有 dll 接口由 class“google::protobuf::RepeatedField<google::protobuf::uint64>”的客户端使用
D:\C++面试项目\项目一 ：对网络通信的数据进行加解密的传输模块\项目\project\EndDecCode\protobuf\include\google\protobuf\repeated_field.h(288): message : 参见“google::protobuf::RepeatedField<google::protobuf::uint64>::Pointer”的声明
D:\C++面试项目\项目一 ：对网络通信的数据进行加解密的传输模块\项目\project\EndDecCode\protobuf\include\google\protobuf\repeated_field.h(2658): message : 查看对正在编译的 类 模板 实例化“google::protobuf::RepeatedField<google::protobuf::uint64>”的引用
D:\C++面试项目\项目一 ：对网络通信的数据进行加解密的传输模块\项目\project\EndDecCode\protobuf\include\google\protobuf\repeated_field.h(292,5): warning C4251: “google::protobuf::RepeatedField<float>::ptr_”: union“google::protobuf::RepeatedField<float>::Pointer”需要有 dll 接口由 class“google::protobuf::RepeatedField<float>”的客户端使用
D:\C++面试项目\项目一 ：对网络通信的数据进行加解密的传输模块\项目\project\EndDecCode\protobuf\include\google\protobuf\repeated_field.h(288): message : 参见“google::protobuf::RepeatedField<float>::Pointer”的声明
D:\C++面试项目\项目一 ：对网络通信的数据进行加解密的传输模块\项目\project\EndDecCode\protobuf\include\google\protobuf\repeated_field.h(2659): message : 查看对正在编译的 类 模板 实例化“google::protobuf::RepeatedField<float>”的引用
D:\C++面试项目\项目一 ：对网络通信的数据进行加解密的传输模块\项目\project\EndDecCode\protobuf\include\google\protobuf\repeated_field.h(292,5): warning C4251: “google::protobuf::RepeatedField<double>::ptr_”: union“google::protobuf::RepeatedField<double>::Pointer”需要有 dll 接口由 class“google::protobuf::RepeatedField<double>”的客户端使用
D:\C++面试项目\项目一 ：对网络通信的数据进行加解密的传输模块\项目\project\EndDecCode\protobuf\include\google\protobuf\repeated_field.h(288): message : 参见“google::protobuf::RepeatedField<double>::Pointer”的声明
D:\C++面试项目\项目一 ：对网络通信的数据进行加解密的传输模块\项目\project\EndDecCode\protobuf\include\google\protobuf\repeated_field.h(2660): message : 查看对正在编译的 类 模板 实例化“google::protobuf::RepeatedField<double>”的引用
D:\C++面试项目\项目一 ：对网络通信的数据进行加解密的传输模块\项目\project\EndDecCode\protobuf\include\google\protobuf\generated_message_util.h(175,20): warning C4251: “google::protobuf::internal::CachedSize::size_”: struct“std::atomic<int>”需要有 dll 接口由 class“google::protobuf::internal::CachedSize”的客户端使用
D:\Microsoft Visual Studio\IDE\VC\Tools\MSVC\14.31.31103\include\atomic(2751): message : 参见“std::atomic<int>”的声明
D:\C++面试项目\项目一 ：对网络通信的数据进行加解密的传输模块\项目\project\EndDecCode\protobuf\include\google\protobuf\metadata_lite.h(226,15): warning C4251: “google::protobuf::internal::LiteUnknownFieldSetter::buffer_”: class“std::basic_string<char,std::char_traits<char>,std::allocator<char>>”需要有 dll 接口由 class“google::protobuf::internal::LiteUnknownFieldSetter”的客户端使用
D:\Microsoft Visual Studio\IDE\VC\Tools\MSVC\14.31.31103\include\xstring(4927): message : 参见“std::basic_string<char,std::char_traits<char>,std::allocator<char>>”的声明
D:\C++面试项目\项目一 ：对网络通信的数据进行加解密的传输模块\项目\project\EndDecCode\protobuf\include\google\protobuf\inlined_string_field.h(158,15): warning C4251: “google::protobuf::internal::InlinedStringField::value_”: class“std::basic_string<char,std::char_traits<char>,std::allocator<char>>”需要有 dll 接口由 class“google::protobuf::internal::InlinedStringField”的客户端使用
D:\Microsoft Visual Studio\IDE\VC\Tools\MSVC\14.31.31103\include\xstring(4927): message : 参见“std::basic_string<char,std::char_traits<char>,std::allocator<char>>”的声明
D:\C++面试项目\项目一 ：对网络通信的数据进行加解密的传输模块\项目\project\EndDecCode\protobuf\include\google\protobuf\unknown_field_set.h(182,29): warning C4251: “google::protobuf::UnknownFieldSet::fields_”: class“std::vector<google::protobuf::UnknownField,std::allocator<google::protobuf::UnknownField>>”需要有 dll 接口由 class“google::protobuf::UnknownFieldSet”的客户端使用
D:\C++面试项目\项目一 ：对网络通信的数据进行加解密的传输模块\项目\project\EndDecCode\protobuf\include\google\protobuf\unknown_field_set.h(182): message : 参见“std::vector<google::protobuf::UnknownField,std::allocator<google::protobuf::UnknownField>>”的声明
D:\C++面试项目\项目一 ：对网络通信的数据进行加解密的传输模块\项目\project\EndDecCode\protobuf\include\google\protobuf\stubs\mutex.h(107,14): warning C4251: “google::protobuf::internal::WrappedMutex::mu_”: class“std::mutex”需要有 dll 接口由 class“google::protobuf::internal::WrappedMutex”的客户端使用
D:\Microsoft Visual Studio\IDE\VC\Tools\MSVC\14.31.31103\include\mutex(86): message : 参见“std::mutex”的声明
D:\C++面试项目\项目一 ：对网络通信的数据进行加解密的传输模块\项目\project\EndDecCode\protobuf\include\google\protobuf\descriptor.h(1839,27): warning C4251: “google::protobuf::DescriptorPool::tables_”: class“std::unique_ptr<google::protobuf::DescriptorPool::Tables,std::default_delete<google::protobuf::DescriptorPool::Tables>>”需要有 dll 接口由 class“google::protobuf::DescriptorPool”的客户端使用
D:\C++面试项目\项目一 ：对网络通信的数据进行加解密的传输模块\项目\project\EndDecCode\protobuf\include\google\protobuf\descriptor.h(1839): message : 参见“std::unique_ptr<google::protobuf::DescriptorPool::Tables,std::default_delete<google::protobuf::DescriptorPool::Tables>>”的声明
D:\C++面试项目\项目一 ：对网络通信的数据进行加解密的传输模块\项目\project\EndDecCode\protobuf\include\google\protobuf\descriptor.h(1846,25): warning C4251: “google::protobuf::DescriptorPool::unused_import_track_files_”: class“std::set<std::string,std::less<std::string>,std::allocator<std::string>>”需要有 dll 接口由 class“google::protobuf::DescriptorPool”的客户端使用
D:\C++面试项目\项目一 ：对网络通信的数据进行加解密的传输模块\项目\project\EndDecCode\protobuf\include\google\protobuf\descriptor.h(1846): message : 参见“std::set<std::string,std::less<std::string>,std::allocator<std::string>>”的声明
  ResponseFactory.cpp
D:\C++面试项目\项目一 ：对网络通信的数据进行加解密的传输模块\项目\project\EndDecCode\protobuf\include\google\protobuf\io\coded_stream.h(881,28): warning C4251: “google::protobuf::io::CodedOutputStream::default_serialization_deterministic_”: struct“std::atomic<bool>”需要有 dll 接口由 class“google::protobuf::io::CodedOutputStream”的客户端使用
D:\Microsoft Visual Studio\IDE\VC\Tools\MSVC\14.31.31103\include\atomic(2744): message : 参见“std::atomic<bool>”的声明
D:\C++面试项目\项目一 ：对网络通信的数据进行加解密的传输模块\项目\project\EndDecCode\protobuf\include\google\protobuf\stubs\logging.h(102,15): warning C4251: “google::protobuf::internal::LogMessage::message_”: class“std::basic_string<char,std::char_traits<char>,std::allocator<char>>”需要有 dll 接口由 class“google::protobuf::internal::LogMessage”的客户端使用
D:\Microsoft Visual Studio\IDE\VC\Tools\MSVC\14.31.31103\include\xstring(4927): message : 参见“std::basic_string<char,std::char_traits<char>,std::allocator<char>>”的声明
D:\C++面试项目\项目一 ：对网络通信的数据进行加解密的传输模块\项目\project\EndDecCode\protobuf\include\google\protobuf\arena_impl.h(251,35): warning C4251: “google::protobuf::internal::ArenaImpl::lifecycle_id_generator_”: struct“std::atomic<__int64>”需要有 dll 接口由 class“google::protobuf::internal::ArenaImpl”的客户端使用
D:\Microsoft Visual Studio\IDE\VC\Tools\MSVC\14.31.31103\include\atomic(2755): message : 参见“std::atomic<__int64>”的声明
D:\C++面试项目\项目一 ：对网络通信的数据进行加解密的传输模块\项目\project\EndDecCode\protobuf\include\google\protobuf\arena_impl.h(285,7): warning C4251: “google::protobuf::internal::ArenaImpl::threads_”: struct“std::atomic<google::protobuf::internal::ArenaImpl::SerialArena *>”需要有 dll 接口由 class“google::protobuf::internal::ArenaImpl”的客户端使用
D:\C++面试项目\项目一 ：对网络通信的数据进行加解密的传输模块\项目\project\EndDecCode\protobuf\include\google\protobuf\arena_impl.h(284): message : 参见“std::atomic<google::protobuf::internal::ArenaImpl::SerialArena *>”的声明
D:\C++面试项目\项目一 ：对网络通信的数据进行加解密的传输模块\项目\project\EndDecCode\protobuf\include\google\protobuf\arena_impl.h(286,29): warning C4251: “google::protobuf::internal::ArenaImpl::hint_”: struct“std::atomic<google::protobuf::internal::ArenaImpl::SerialArena *>”需要有 dll 接口由 class“google::protobuf::internal::ArenaImpl”的客户端使用
D:\C++面试项目\项目一 ：对网络通信的数据进行加解密的传输模块\项目\project\EndDecCode\protobuf\include\google\protobuf\arena_impl.h(284): message : 参见“std::atomic<google::protobuf::internal::ArenaImpl::SerialArena *>”的声明
D:\C++面试项目\项目一 ：对网络通信的数据进行加解密的传输模块\项目\project\EndDecCode\protobuf\include\google\protobuf\arena_impl.h(287,23): warning C4251: “google::protobuf::internal::ArenaImpl::space_allocated_”: struct“std::atomic<unsigned int>”需要有 dll 接口由 class“google::protobuf::internal::ArenaImpl”的客户端使用
D:\Microsoft Visual Studio\IDE\VC\Tools\MSVC\14.31.31103\include\atomic(2752): message : 参见“std::atomic<unsigned int>”的声明
D:\C++面试项目\项目一 ：对网络通信的数据进行加解密的传输模块\项目\project\EndDecCode\protobuf\include\google\protobuf\arena_impl.h(299,11): warning C4251: “google::protobuf::internal::ArenaImpl::options_”: struct“google::protobuf::internal::ArenaImpl::Options”需要有 dll 接口由 class“google::protobuf::internal::ArenaImpl”的客户端使用
D:\C++面试项目\项目一 ：对网络通信的数据进行加解密的传输模块\项目\project\EndDecCode\protobuf\include\google\protobuf\arena_impl.h(68): message : 参见“google::protobuf::internal::ArenaImpl::Options”的声明
D:\C++面试项目\项目一 ：对网络通信的数据进行加解密的传输模块\项目\project\EndDecCode\protobuf\include\google\protobuf\implicit_weak_message.h(97,15): warning C4251: “google::protobuf::internal::ImplicitWeakMessage::data_”: class“std::basic_string<char,std::char_traits<char>,std::allocator<char>>”需要有 dll 接口由 class“google::protobuf::internal::ImplicitWeakMessage”的客户端使用
D:\Microsoft Visual Studio\IDE\VC\Tools\MSVC\14.31.31103\include\xstring(4927): message : 参见“std::basic_string<char,std::char_traits<char>,std::allocator<char>>”的声明
D:\C++面试项目\项目一 ：对网络通信的数据进行加解密的传输模块\项目\project\EndDecCode\protobuf\include\google\protobuf\repeated_field.h(292,5): warning C4251: “google::protobuf::RepeatedField<bool>::ptr_”: union“google::protobuf::RepeatedField<bool>::Pointer”需要有 dll 接口由 class“google::protobuf::RepeatedField<bool>”的客户端使用
D:\C++面试项目\项目一 ：对网络通信的数据进行加解密的传输模块\项目\project\EndDecCode\protobuf\include\google\protobuf\repeated_field.h(288): message : 参见“google::protobuf::RepeatedField<bool>::Pointer”的声明
D:\C++面试项目\项目一 ：对网络通信的数据进行加解密的传输模块\项目\project\EndDecCode\protobuf\include\google\protobuf\repeated_field.h(2654): message : 查看对正在编译的 类 模板 实例化“google::protobuf::RepeatedField<bool>”的引用
D:\C++面试项目\项目一 ：对网络通信的数据进行加解密的传输模块\项目\project\EndDecCode\protobuf\include\google\protobuf\repeated_field.h(292,5): warning C4251: “google::protobuf::RepeatedField<google::protobuf::int32>::ptr_”: union“google::protobuf::RepeatedField<google::protobuf::int32>::Pointer”需要有 dll 接口由 class“google::protobuf::RepeatedField<google::protobuf::int32>”的客户端使用
D:\C++面试项目\项目一 ：对网络通信的数据进行加解密的传输模块\项目\project\EndDecCode\protobuf\include\google\protobuf\repeated_field.h(288): message : 参见“google::protobuf::RepeatedField<google::protobuf::int32>::Pointer”的声明
D:\C++面试项目\项目一 ：对网络通信的数据进行加解密的传输模块\项目\project\EndDecCode\protobuf\include\google\protobuf\repeated_field.h(2655): message : 查看对正在编译的 类 模板 实例化“google::protobuf::RepeatedField<google::protobuf::int32>”的引用
D:\C++面试项目\项目一 ：对网络通信的数据进行加解密的传输模块\项目\project\EndDecCode\protobuf\include\google\protobuf\repeated_field.h(292,5): warning C4251: “google::protobuf::RepeatedField<google::protobuf::uint32>::ptr_”: union“google::protobuf::RepeatedField<google::protobuf::uint32>::Pointer”需要有 dll 接口由 class“google::protobuf::RepeatedField<google::protobuf::uint32>”的客户端使用
D:\C++面试项目\项目一 ：对网络通信的数据进行加解密的传输模块\项目\project\EndDecCode\protobuf\include\google\protobuf\repeated_field.h(288): message : 参见“google::protobuf::RepeatedField<google::protobuf::uint32>::Pointer”的声明
D:\C++面试项目\项目一 ：对网络通信的数据进行加解密的传输模块\项目\project\EndDecCode\protobuf\include\google\protobuf\repeated_field.h(2656): message : 查看对正在编译的 类 模板 实例化“google::protobuf::RepeatedField<google::protobuf::uint32>”的引用
D:\C++面试项目\项目一 ：对网络通信的数据进行加解密的传输模块\项目\project\EndDecCode\protobuf\include\google\protobuf\repeated_field.h(292,5): warning C4251: “google::protobuf::RepeatedField<google::protobuf::int64>::ptr_”: union“google::protobuf::RepeatedField<google::protobuf::int64>::Pointer”需要有 dll 接口由 class“google::protobuf::RepeatedField<google::protobuf::int64>”的客户端使用
D:\C++面试项目\项目一 ：对网络通信的数据进行加解密的传输模块\项目\project\EndDecCode\protobuf\include\google\protobuf\repeated_field.h(288): message : 参见“google::protobuf::RepeatedField<google::protobuf::int64>::Pointer”的声明
D:\C++面试项目\项目一 ：对网络通信的数据进行加解密的传输模块\项目\project\EndDecCode\protobuf\include\google\protobuf\repeated_field.h(2657): message : 查看对正在编译的 类 模板 实例化“google::protobuf::RepeatedField<google::protobuf::int64>”的引用
D:\C++面试项目\项目一 ：对网络通信的数据进行加解密的传输模块\项目\project\EndDecCode\protobuf\include\google\protobuf\repeated_field.h(292,5): warning C4251: “google::protobuf::RepeatedField<google::protobuf::uint64>::ptr_”: union“google::protobuf::RepeatedField<google::protobuf::uint64>::Pointer”需要有 dll 接口由 class“google::protobuf::RepeatedField<google::protobuf::uint64>”的客户端使用
D:\C++面试项目\项目一 ：对网络通信的数据进行加解密的传输模块\项目\project\EndDecCode\protobuf\include\google\protobuf\repeated_field.h(288): message : 参见“google::protobuf::RepeatedField<google::protobuf::uint64>::Pointer”的声明
D:\C++面试项目\项目一 ：对网络通信的数据进行加解密的传输模块\项目\project\EndDecCode\protobuf\include\google\protobuf\repeated_field.h(2658): message : 查看对正在编译的 类 模板 实例化“google::protobuf::RepeatedField<google::protobuf::uint64>”的引用
D:\C++面试项目\项目一 ：对网络通信的数据进行加解密的传输模块\项目\project\EndDecCode\protobuf\include\google\protobuf\repeated_field.h(292,5): warning C4251: “google::protobuf::RepeatedField<float>::ptr_”: union“google::protobuf::RepeatedField<float>::Pointer”需要有 dll 接口由 class“google::protobuf::RepeatedField<float>”的客户端使用
D:\C++面试项目\项目一 ：对网络通信的数据进行加解密的传输模块\项目\project\EndDecCode\protobuf\include\google\protobuf\repeated_field.h(288): message : 参见“google::protobuf::RepeatedField<float>::Pointer”的声明
D:\C++面试项目\项目一 ：对网络通信的数据进行加解密的传输模块\项目\project\EndDecCode\protobuf\include\google\protobuf\repeated_field.h(2659): message : 查看对正在编译的 类 模板 实例化“google::protobuf::RepeatedField<float>”的引用
D:\C++面试项目\项目一 ：对网络通信的数据进行加解密的传输模块\项目\project\EndDecCode\protobuf\include\google\protobuf\repeated_field.h(292,5): warning C4251: “google::protobuf::RepeatedField<double>::ptr_”: union“google::protobuf::RepeatedField<double>::Pointer”需要有 dll 接口由 class“google::protobuf::RepeatedField<double>”的客户端使用
D:\C++面试项目\项目一 ：对网络通信的数据进行加解密的传输模块\项目\project\EndDecCode\protobuf\include\google\protobuf\repeated_field.h(288): message : 参见“google::protobuf::RepeatedField<double>::Pointer”的声明
D:\C++面试项目\项目一 ：对网络通信的数据进行加解密的传输模块\项目\project\EndDecCode\protobuf\include\google\protobuf\repeated_field.h(2660): message : 查看对正在编译的 类 模板 实例化“google::protobuf::RepeatedField<double>”的引用
D:\C++面试项目\项目一 ：对网络通信的数据进行加解密的传输模块\项目\project\EndDecCode\protobuf\include\google\protobuf\generated_message_util.h(175,20): warning C4251: “google::protobuf::internal::CachedSize::size_”: struct“std::atomic<int>”需要有 dll 接口由 class“google::protobuf::internal::CachedSize”的客户端使用
D:\Microsoft Visual Studio\IDE\VC\Tools\MSVC\14.31.31103\include\atomic(2751): message : 参见“std::atomic<int>”的声明
D:\C++面试项目\项目一 ：对网络通信的数据进行加解密的传输模块\项目\project\EndDecCode\protobuf\include\google\protobuf\metadata_lite.h(226,15): warning C4251: “google::protobuf::internal::LiteUnknownFieldSetter::buffer_”: class“std::basic_string<char,std::char_traits<char>,std::allocator<char>>”需要有 dll 接口由 class“google::protobuf::internal::LiteUnknownFieldSetter”的客户端使用
D:\Microsoft Visual Studio\IDE\VC\Tools\MSVC\14.31.31103\include\xstring(4927): message : 参见“std::basic_string<char,std::char_traits<char>,std::allocator<char>>”的声明
D:\C++面试项目\项目一 ：对网络通信的数据进行加解密的传输模块\项目\project\EndDecCode\protobuf\include\google\protobuf\inlined_string_field.h(158,15): warning C4251: “google::protobuf::internal::InlinedStringField::value_”: class“std::basic_string<char,std::char_traits<char>,std::allocator<char>>”需要有 dll 接口由 class“google::protobuf::internal::InlinedStringField”的客户端使用
D:\Microsoft Visual Studio\IDE\VC\Tools\MSVC\14.31.31103\include\xstring(4927): message : 参见“std::basic_string<char,std::char_traits<char>,std::allocator<char>>”的声明
D:\C++面试项目\项目一 ：对网络通信的数据进行加解密的传输模块\项目\project\EndDecCode\protobuf\include\google\protobuf\unknown_field_set.h(182,29): warning C4251: “google::protobuf::UnknownFieldSet::fields_”: class“std::vector<google::protobuf::UnknownField,std::allocator<google::protobuf::UnknownField>>”需要有 dll 接口由 class“google::protobuf::UnknownFieldSet”的客户端使用
D:\C++面试项目\项目一 ：对网络通信的数据进行加解密的传输模块\项目\project\EndDecCode\protobuf\include\google\protobuf\unknown_field_set.h(182): message : 参见“std::vector<google::protobuf::UnknownField,std::allocator<google::protobuf::UnknownField>>”的声明
D:\C++面试项目\项目一 ：对网络通信的数据进行加解密的传输模块\项目\project\EndDecCode\protobuf\include\google\protobuf\stubs\mutex.h(107,14): warning C4251: “google::protobuf::internal::WrappedMutex::mu_”: class“std::mutex”需要有 dll 接口由 class“google::protobuf::internal::WrappedMutex”的客户端使用
D:\Microsoft Visual Studio\IDE\VC\Tools\MSVC\14.31.31103\include\mutex(86): message : 参见“std::mutex”的声明
D:\C++面试项目\项目一 ：对网络通信的数据进行加解密的传输模块\项目\project\EndDecCode\protobuf\include\google\protobuf\descriptor.h(1839,27): warning C4251: “google::protobuf::DescriptorPool::tables_”: class“std::unique_ptr<google::protobuf::DescriptorPool::Tables,std::default_delete<google::protobuf::DescriptorPool::Tables>>”需要有 dll 接口由 class“google::protobuf::DescriptorPool”的客户端使用
D:\C++面试项目\项目一 ：对网络通信的数据进行加解密的传输模块\项目\project\EndDecCode\protobuf\include\google\protobuf\descriptor.h(1839): message : 参见“std::unique_ptr<google::protobuf::DescriptorPool::Tables,std::default_delete<google::protobuf::DescriptorPool::Tables>>”的声明
D:\C++面试项目\项目一 ：对网络通信的数据进行加解密的传输模块\项目\project\EndDecCode\protobuf\include\google\protobuf\descriptor.h(1846,25): warning C4251: “google::protobuf::DescriptorPool::unused_import_track_files_”: class“std::set<std::string,std::less<std::string>,std::allocator<std::string>>”需要有 dll 接口由 class“google::protobuf::DescriptorPool”的客户端使用
D:\C++面试项目\项目一 ：对网络通信的数据进行加解密的传输模块\项目\project\EndDecCode\protobuf\include\google\protobuf\descriptor.h(1846): message : 参见“std::set<std::string,std::less<std::string>,std::allocator<std::string>>”的声明
  main.cpp
D:\C++面试项目\项目一 ：对网络通信的数据进行加解密的传输模块\项目\project\EndDecCode\protobuf\include\google\protobuf\io\coded_stream.h(881,28): warning C4251: “google::protobuf::io::CodedOutputStream::default_serialization_deterministic_”: struct“std::atomic<bool>”需要有 dll 接口由 class“google::protobuf::io::CodedOutputStream”的客户端使用
D:\Microsoft Visual Studio\IDE\VC\Tools\MSVC\14.31.31103\include\atomic(2744): message : 参见“std::atomic<bool>”的声明
D:\C++面试项目\项目一 ：对网络通信的数据进行加解密的传输模块\项目\project\EndDecCode\protobuf\include\google\protobuf\stubs\logging.h(102,15): warning C4251: “google::protobuf::internal::LogMessage::message_”: class“std::basic_string<char,std::char_traits<char>,std::allocator<char>>”需要有 dll 接口由 class“google::protobuf::internal::LogMessage”的客户端使用
D:\Microsoft Visual Studio\IDE\VC\Tools\MSVC\14.31.31103\include\xstring(4927): message : 参见“std::basic_string<char,std::char_traits<char>,std::allocator<char>>”的声明
D:\C++面试项目\项目一 ：对网络通信的数据进行加解密的传输模块\项目\project\EndDecCode\protobuf\include\google\protobuf\arena_impl.h(251,35): warning C4251: “google::protobuf::internal::ArenaImpl::lifecycle_id_generator_”: struct“std::atomic<__int64>”需要有 dll 接口由 class“google::protobuf::internal::ArenaImpl”的客户端使用
D:\Microsoft Visual Studio\IDE\VC\Tools\MSVC\14.31.31103\include\atomic(2755): message : 参见“std::atomic<__int64>”的声明
D:\C++面试项目\项目一 ：对网络通信的数据进行加解密的传输模块\项目\project\EndDecCode\protobuf\include\google\protobuf\arena_impl.h(285,7): warning C4251: “google::protobuf::internal::ArenaImpl::threads_”: struct“std::atomic<google::protobuf::internal::ArenaImpl::SerialArena *>”需要有 dll 接口由 class“google::protobuf::internal::ArenaImpl”的客户端使用
D:\C++面试项目\项目一 ：对网络通信的数据进行加解密的传输模块\项目\project\EndDecCode\protobuf\include\google\protobuf\arena_impl.h(284): message : 参见“std::atomic<google::protobuf::internal::ArenaImpl::SerialArena *>”的声明
D:\C++面试项目\项目一 ：对网络通信的数据进行加解密的传输模块\项目\project\EndDecCode\protobuf\include\google\protobuf\arena_impl.h(286,29): warning C4251: “google::protobuf::internal::ArenaImpl::hint_”: struct“std::atomic<google::protobuf::internal::ArenaImpl::SerialArena *>”需要有 dll 接口由 class“google::protobuf::internal::ArenaImpl”的客户端使用
D:\C++面试项目\项目一 ：对网络通信的数据进行加解密的传输模块\项目\project\EndDecCode\protobuf\include\google\protobuf\arena_impl.h(284): message : 参见“std::atomic<google::protobuf::internal::ArenaImpl::SerialArena *>”的声明
D:\C++面试项目\项目一 ：对网络通信的数据进行加解密的传输模块\项目\project\EndDecCode\protobuf\include\google\protobuf\arena_impl.h(287,23): warning C4251: “google::protobuf::internal::ArenaImpl::space_allocated_”: struct“std::atomic<unsigned int>”需要有 dll 接口由 class“google::protobuf::internal::ArenaImpl”的客户端使用
D:\Microsoft Visual Studio\IDE\VC\Tools\MSVC\14.31.31103\include\atomic(2752): message : 参见“std::atomic<unsigned int>”的声明
D:\C++面试项目\项目一 ：对网络通信的数据进行加解密的传输模块\项目\project\EndDecCode\protobuf\include\google\protobuf\arena_impl.h(299,11): warning C4251: “google::protobuf::internal::ArenaImpl::options_”: struct“google::protobuf::internal::ArenaImpl::Options”需要有 dll 接口由 class“google::protobuf::internal::ArenaImpl”的客户端使用
D:\C++面试项目\项目一 ：对网络通信的数据进行加解密的传输模块\项目\project\EndDecCode\protobuf\include\google\protobuf\arena_impl.h(68): message : 参见“google::protobuf::internal::ArenaImpl::Options”的声明
D:\C++面试项目\项目一 ：对网络通信的数据进行加解密的传输模块\项目\project\EndDecCode\protobuf\include\google\protobuf\implicit_weak_message.h(97,15): warning C4251: “google::protobuf::internal::ImplicitWeakMessage::data_”: class“std::basic_string<char,std::char_traits<char>,std::allocator<char>>”需要有 dll 接口由 class“google::protobuf::internal::ImplicitWeakMessage”的客户端使用
D:\Microsoft Visual Studio\IDE\VC\Tools\MSVC\14.31.31103\include\xstring(4927): message : 参见“std::basic_string<char,std::char_traits<char>,std::allocator<char>>”的声明
D:\C++面试项目\项目一 ：对网络通信的数据进行加解密的传输模块\项目\project\EndDecCode\protobuf\include\google\protobuf\repeated_field.h(292,5): warning C4251: “google::protobuf::RepeatedField<bool>::ptr_”: union“google::protobuf::RepeatedField<bool>::Pointer”需要有 dll 接口由 class“google::protobuf::RepeatedField<bool>”的客户端使用
D:\C++面试项目\项目一 ：对网络通信的数据进行加解密的传输模块\项目\project\EndDecCode\protobuf\include\google\protobuf\repeated_field.h(288): message : 参见“google::protobuf::RepeatedField<bool>::Pointer”的声明
D:\C++面试项目\项目一 ：对网络通信的数据进行加解密的传输模块\项目\project\EndDecCode\protobuf\include\google\protobuf\repeated_field.h(2654): message : 查看对正在编译的 类 模板 实例化“google::protobuf::RepeatedField<bool>”的引用
D:\C++面试项目\项目一 ：对网络通信的数据进行加解密的传输模块\项目\project\EndDecCode\protobuf\include\google\protobuf\repeated_field.h(292,5): warning C4251: “google::protobuf::RepeatedField<google::protobuf::int32>::ptr_”: union“google::protobuf::RepeatedField<google::protobuf::int32>::Pointer”需要有 dll 接口由 class“google::protobuf::RepeatedField<google::protobuf::int32>”的客户端使用
D:\C++面试项目\项目一 ：对网络通信的数据进行加解密的传输模块\项目\project\EndDecCode\protobuf\include\google\protobuf\repeated_field.h(288): message : 参见“google::protobuf::RepeatedField<google::protobuf::int32>::Pointer”的声明
D:\C++面试项目\项目一 ：对网络通信的数据进行加解密的传输模块\项目\project\EndDecCode\protobuf\include\google\protobuf\repeated_field.h(2655): message : 查看对正在编译的 类 模板 实例化“google::protobuf::RepeatedField<google::protobuf::int32>”的引用
D:\C++面试项目\项目一 ：对网络通信的数据进行加解密的传输模块\项目\project\EndDecCode\protobuf\include\google\protobuf\repeated_field.h(292,5): warning C4251: “google::protobuf::RepeatedField<google::protobuf::uint32>::ptr_”: union“google::protobuf::RepeatedField<google::protobuf::uint32>::Pointer”需要有 dll 接口由 class“google::protobuf::RepeatedField<google::protobuf::uint32>”的客户端使用
D:\C++面试项目\项目一 ：对网络通信的数据进行加解密的传输模块\项目\project\EndDecCode\protobuf\include\google\protobuf\repeated_field.h(288): message : 参见“google::protobuf::RepeatedField<google::protobuf::uint32>::Pointer”的声明
D:\C++面试项目\项目一 ：对网络通信的数据进行加解密的传输模块\项目\project\EndDecCode\protobuf\include\google\protobuf\repeated_field.h(2656): message : 查看对正在编译的 类 模板 实例化“google::protobuf::RepeatedField<google::protobuf::uint32>”的引用
D:\C++面试项目\项目一 ：对网络通信的数据进行加解密的传输模块\项目\project\EndDecCode\protobuf\include\google\protobuf\repeated_field.h(292,5): warning C4251: “google::protobuf::RepeatedField<google::protobuf::int64>::ptr_”: union“google::protobuf::RepeatedField<google::protobuf::int64>::Pointer”需要有 dll 接口由 class“google::protobuf::RepeatedField<google::protobuf::int64>”的客户端使用
D:\C++面试项目\项目一 ：对网络通信的数据进行加解密的传输模块\项目\project\EndDecCode\protobuf\include\google\protobuf\repeated_field.h(288): message : 参见“google::protobuf::RepeatedField<google::protobuf::int64>::Pointer”的声明
D:\C++面试项目\项目一 ：对网络通信的数据进行加解密的传输模块\项目\project\EndDecCode\protobuf\include\google\protobuf\repeated_field.h(2657): message : 查看对正在编译的 类 模板 实例化“google::protobuf::RepeatedField<google::protobuf::int64>”的引用
D:\C++面试项目\项目一 ：对网络通信的数据进行加解密的传输模块\项目\project\EndDecCode\protobuf\include\google\protobuf\repeated_field.h(292,5): warning C4251: “google::protobuf::RepeatedField<google::protobuf::uint64>::ptr_”: union“google::protobuf::RepeatedField<google::protobuf::uint64>::Pointer”需要有 dll 接口由 class“google::protobuf::RepeatedField<google::protobuf::uint64>”的客户端使用
D:\C++面试项目\项目一 ：对网络通信的数据进行加解密的传输模块\项目\project\EndDecCode\protobuf\include\google\protobuf\repeated_field.h(288): message : 参见“google::protobuf::RepeatedField<google::protobuf::uint64>::Pointer”的声明
D:\C++面试项目\项目一 ：对网络通信的数据进行加解密的传输模块\项目\project\EndDecCode\protobuf\include\google\protobuf\repeated_field.h(2658): message : 查看对正在编译的 类 模板 实例化“google::protobuf::RepeatedField<google::protobuf::uint64>”的引用
D:\C++面试项目\项目一 ：对网络通信的数据进行加解密的传输模块\项目\project\EndDecCode\protobuf\include\google\protobuf\repeated_field.h(292,5): warning C4251: “google::protobuf::RepeatedField<float>::ptr_”: union“google::protobuf::RepeatedField<float>::Pointer”需要有 dll 接口由 class“google::protobuf::RepeatedField<float>”的客户端使用
D:\C++面试项目\项目一 ：对网络通信的数据进行加解密的传输模块\项目\project\EndDecCode\protobuf\include\google\protobuf\repeated_field.h(288): message : 参见“google::protobuf::RepeatedField<float>::Pointer”的声明
D:\C++面试项目\项目一 ：对网络通信的数据进行加解密的传输模块\项目\project\EndDecCode\protobuf\include\google\protobuf\repeated_field.h(2659): message : 查看对正在编译的 类 模板 实例化“google::protobuf::RepeatedField<float>”的引用
D:\C++面试项目\项目一 ：对网络通信的数据进行加解密的传输模块\项目\project\EndDecCode\protobuf\include\google\protobuf\repeated_field.h(292,5): warning C4251: “google::protobuf::RepeatedField<double>::ptr_”: union“google::protobuf::RepeatedField<double>::Pointer”需要有 dll 接口由 class“google::protobuf::RepeatedField<double>”的客户端使用
D:\C++面试项目\项目一 ：对网络通信的数据进行加解密的传输模块\项目\project\EndDecCode\protobuf\include\google\protobuf\repeated_field.h(288): message : 参见“google::protobuf::RepeatedField<double>::Pointer”的声明
D:\C++面试项目\项目一 ：对网络通信的数据进行加解密的传输模块\项目\project\EndDecCode\protobuf\include\google\protobuf\repeated_field.h(2660): message : 查看对正在编译的 类 模板 实例化“google::protobuf::RepeatedField<double>”的引用
D:\C++面试项目\项目一 ：对网络通信的数据进行加解密的传输模块\项目\project\EndDecCode\protobuf\include\google\protobuf\generated_message_util.h(175,20): warning C4251: “google::protobuf::internal::CachedSize::size_”: struct“std::atomic<int>”需要有 dll 接口由 class“google::protobuf::internal::CachedSize”的客户端使用
D:\Microsoft Visual Studio\IDE\VC\Tools\MSVC\14.31.31103\include\atomic(2751): message : 参见“std::atomic<int>”的声明
D:\C++面试项目\项目一 ：对网络通信的数据进行加解密的传输模块\项目\project\EndDecCode\protobuf\include\google\protobuf\metadata_lite.h(226,15): warning C4251: “google::protobuf::internal::LiteUnknownFieldSetter::buffer_”: class“std::basic_string<char,std::char_traits<char>,std::allocator<char>>”需要有 dll 接口由 class“google::protobuf::internal::LiteUnknownFieldSetter”的客户端使用
D:\Microsoft Visual Studio\IDE\VC\Tools\MSVC\14.31.31103\include\xstring(4927): message : 参见“std::basic_string<char,std::char_traits<char>,std::allocator<char>>”的声明
D:\C++面试项目\项目一 ：对网络通信的数据进行加解密的传输模块\项目\project\EndDecCode\protobuf\include\google\protobuf\inlined_string_field.h(158,15): warning C4251: “google::protobuf::internal::InlinedStringField::value_”: class“std::basic_string<char,std::char_traits<char>,std::allocator<char>>”需要有 dll 接口由 class“google::protobuf::internal::InlinedStringField”的客户端使用
D:\Microsoft Visual Studio\IDE\VC\Tools\MSVC\14.31.31103\include\xstring(4927): message : 参见“std::basic_string<char,std::char_traits<char>,std::allocator<char>>”的声明
D:\C++面试项目\项目一 ：对网络通信的数据进行加解密的传输模块\项目\project\EndDecCode\protobuf\include\google\protobuf\unknown_field_set.h(182,29): warning C4251: “google::protobuf::UnknownFieldSet::fields_”: class“std::vector<google::protobuf::UnknownField,std::allocator<google::protobuf::UnknownField>>”需要有 dll 接口由 class“google::protobuf::UnknownFieldSet”的客户端使用
D:\C++面试项目\项目一 ：对网络通信的数据进行加解密的传输模块\项目\project\EndDecCode\protobuf\include\google\protobuf\unknown_field_set.h(182): message : 参见“std::vector<google::protobuf::UnknownField,std::allocator<google::protobuf::UnknownField>>”的声明
D:\C++面试项目\项目一 ：对网络通信的数据进行加解密的传输模块\项目\project\EndDecCode\protobuf\include\google\protobuf\stubs\mutex.h(107,14): warning C4251: “google::protobuf::internal::WrappedMutex::mu_”: class“std::mutex”需要有 dll 接口由 class“google::protobuf::internal::WrappedMutex”的客户端使用
D:\Microsoft Visual Studio\IDE\VC\Tools\MSVC\14.31.31103\include\mutex(86): message : 参见“std::mutex”的声明
D:\C++面试项目\项目一 ：对网络通信的数据进行加解密的传输模块\项目\project\EndDecCode\protobuf\include\google\protobuf\descriptor.h(1839,27): warning C4251: “google::protobuf::DescriptorPool::tables_”: class“std::unique_ptr<google::protobuf::DescriptorPool::Tables,std::default_delete<google::protobuf::DescriptorPool::Tables>>”需要有 dll 接口由 class“google::protobuf::DescriptorPool”的客户端使用
D:\C++面试项目\项目一 ：对网络通信的数据进行加解密的传输模块\项目\project\EndDecCode\protobuf\include\google\protobuf\descriptor.h(1839): message : 参见“std::unique_ptr<google::protobuf::DescriptorPool::Tables,std::default_delete<google::protobuf::DescriptorPool::Tables>>”的声明
D:\C++面试项目\项目一 ：对网络通信的数据进行加解密的传输模块\项目\project\EndDecCode\protobuf\include\google\protobuf\descriptor.h(1846,25): warning C4251: “google::protobuf::DescriptorPool::unused_import_track_files_”: class“std::set<std::string,std::less<std::string>,std::allocator<std::string>>”需要有 dll 接口由 class“google::protobuf::DescriptorPool”的客户端使用
D:\C++面试项目\项目一 ：对网络通信的数据进行加解密的传输模块\项目\project\EndDecCode\protobuf\include\google\protobuf\descriptor.h(1846): message : 参见“std::set<std::string,std::less<std::string>,std::allocator<std::string>>”的声明
  正在生成代码...
  EndDecCode.vcxproj -> D:\C++面试项目\项目一 ：对网络通信的数据进行加解密的传输模块\项目\project\EndDecCode\Debug\EndDecCode.exe
