生成启动时间为 2019/6/14 11:28:11。
     1>项目“C:\Users\Kevin\Desktop\Json\Json\Json.vcxproj”在节点 2 上(Build 个目标)。
     1>InitializeBuildStatus:
         正在创建“Debug\Json.tlog\unsuccessfulbuild”，因为已指定“AlwaysCreate”。
       ClCompile:
         C:\Program Files (x86)\Microsoft Visual Studio\2017\Community\VC\Tools\MSVC\14.16.27023\bin\HostX86\x86\CL.exe /c /ZI /JMC /nologo /W3 /WX- /diagnostics:classic /sdl /Od /Oy- /D WIN32 /D _DEBUG /D _CONSOLE /D _UNICODE /D UNICODE /Gm- /EHsc /RTC1 /MTd /GS /fp:precise /permissive- /Zc:wchar_t /Zc:forScope /Zc:inline /Fo"Debug\\" /Fd"Debug\vc141.pdb" /Gd /TP /analyze- /FC /errorReport:prompt test.cpp
         test.cpp
     1>c:\users\kevin\desktop\json\json\test.cpp(17): warning C4018: “<”: 有符号/无符号不匹配
     1>c:\users\kevin\desktop\json\json\test.cpp(39): warning C4018: “<”: 有符号/无符号不匹配
       Link:
         C:\Program Files (x86)\Microsoft Visual Studio\2017\Community\VC\Tools\MSVC\14.16.27023\bin\HostX86\x86\link.exe /ERRORREPORT:PROMPT /OUT:"C:\Users\Kevin\Desktop\Json\Debug\Json.exe" /INCREMENTAL /NOLOGO lib_json.lib kernel32.lib user32.lib gdi32.lib winspool.lib comdlg32.lib advapi32.lib shell32.lib ole32.lib oleaut32.lib uuid.lib odbc32.lib odbccp32.lib /MANIFEST /MANIFESTUAC:"level='asInvoker' uiAccess='false'" /manifest:embed /DEBUG:FASTLINK /PDB:"C:\Users\Kevin\Desktop\Json\Debug\Json.pdb" /SUBSYSTEM:CONSOLE /TLBID:1 /DYNAMICBASE /NXCOMPAT /IMPLIB:"C:\Users\Kevin\Desktop\Json\Debug\Json.lib" /MACHINE:X86 Debug\test.obj
         Json.vcxproj -> C:\Users\Kevin\Desktop\Json\Debug\Json.exe
       FinalizeBuildStatus:
         正在删除文件“Debug\Json.tlog\unsuccessfulbuild”。
         正在对“Debug\Json.tlog\Json.lastbuildstate”执行 Touch 任务。
     1>已完成生成项目“C:\Users\Kevin\Desktop\Json\Json\Json.vcxproj”(Build 个目标)的操作。

已成功生成。

       “C:\Users\Kevin\Desktop\Json\Json\Json.vcxproj”(Build 目标) (1) ->
       (ClCompile 目标) -> 
         c:\users\kevin\desktop\json\json\test.cpp(17): warning C4018: “<”: 有符号/无符号不匹配
         c:\users\kevin\desktop\json\json\test.cpp(39): warning C4018: “<”: 有符号/无符号不匹配

    2 个警告
    0 个错误

已用时间 00:00:06.52
