d:\videos\36期-项目1\day08 - 秘钥协商\04-代码\serverseckey\serverseckey\obj\x64\debug\33623428.compileuptodatefile.tlog
d:\videos\36期-项目1\day08 - 秘钥协商\04-代码\serverseckey\serverseckey\obj\x64\debug\33623428.linkuptodatefile.tlog
f:\git repo\openssl secure data transmission platform\serverseckey\serverseckey\obj\x64\debug\-1029830117.compileuptodatefile.tlog
f:\git repo\openssl secure data transmission platform\serverseckey\serverseckey\obj\x64\debug\-1029830117.copysourcesuptodatefile.tlog
f:\git repo\openssl secure data transmission platform\serverseckey\serverseckey\obj\x64\debug\-1029830117.local_remote_pathmapping.tlog
f:\git repo\openssl secure data transmission platform\serverseckey\serverseckey\obj\x64\debug\-1029830117.remoteprojectdirfile.tlog
f:\git repo\openssl secure data transmission platform\serverseckey\serverseckey\obj\x64\debug\-190294045.compileuptodatefile.tlog
f:\git repo\openssl secure data transmission platform\serverseckey\serverseckey\obj\x64\debug\-190294045.copysourcesuptodatefile.tlog
f:\git repo\openssl secure data transmission platform\serverseckey\serverseckey\obj\x64\debug\-190294045.local_remote_pathmapping.tlog
f:\git repo\openssl secure data transmission platform\serverseckey\serverseckey\obj\x64\debug\-190294045.remoteprojectdirfile.tlog
f:\git repo\openssl secure data transmission platform\serverseckey\serverseckey\obj\x64\debug\1985273501.compileuptodatefile.tlog
f:\git repo\openssl secure data transmission platform\serverseckey\serverseckey\obj\x64\debug\1985273501.copysourcesuptodatefile.tlog
f:\git repo\openssl secure data transmission platform\serverseckey\serverseckey\obj\x64\debug\1985273501.local_remote_pathmapping.tlog
f:\git repo\openssl secure data transmission platform\serverseckey\serverseckey\obj\x64\debug\1985273501.remoteprojectdirfile.tlog
f:\git repo\openssl secure data transmission platform\serverseckey\serverseckey\obj\x64\debug\33623428.compileuptodatefile.tlog
f:\git repo\openssl secure data transmission platform\serverseckey\serverseckey\obj\x64\debug\33623428.copysourcesuptodatefile.tlog
f:\git repo\openssl secure data transmission platform\serverseckey\serverseckey\obj\x64\debug\33623428.linkuptodatefile.tlog
f:\git repo\openssl secure data transmission platform\serverseckey\serverseckey\obj\x64\debug\33623428.local_remote_pathmapping.tlog
f:\git repo\openssl secure data transmission platform\serverseckey\serverseckey\obj\x64\debug\33623428.remoteprojectdirfile.tlog
f:\git repo\openssl secure data transmission platform\serverseckey\serverseckey\obj\x64\debug\lastremotetarget.tlog
f:\git repo\openssl secure data transmission platform\serverseckey\serverseckey\bin\x64\debug\serverseckey.out
f:\git repo\openssl secure data transmission platform\serverseckey\serverseckey\obj\x64\debug\serverseckey.vcxproj.filelistabsolute.txt
f:\git repo\openssl secure data transmission platform\serverseckey\serverseckey\obj\x64\debug\serverseckey.tlog\compile.read.1.tlog
f:\git repo\openssl secure data transmission platform\serverseckey\serverseckey\obj\x64\debug\serverseckey.tlog\compile.write.1.tlog
f:\git repo\openssl secure data transmission platform\serverseckey\serverseckey\obj\x64\debug\serverseckey.tlog\link.write.1.tlog
