  正在验证源
  正在将源远程复制到“192.168.111.135”
  正在验证体系结构
  正在验证体系结构
  正在启动远程生成
  正在编译源:
  ClientOP.cpp
F:\Git Repo\OpenSSL Secure Data Transmission Platform\ClientSecKey\ClientSecKey\Message.pb.h(10,40): error : google/protobuf/port_def.inc: No such file or directory
F:\Git Repo\OpenSSL Secure Data Transmission Platform\ClientSecKey\ClientSecKey\Message.pb.h(10,40): error :  #include <google/protobuf/port_def.inc>
F:\Git Repo\OpenSSL Secure Data Transmission Platform\ClientSecKey\ClientSecKey\Message.pb.h(10,40): error :                                         ^
F:\Git Repo\OpenSSL Secure Data Transmission Platform\ClientSecKey\ClientSecKey\Message.pb.h(10,40): error : compilation terminated.
  Message.pb.cc
F:\Git Repo\OpenSSL Secure Data Transmission Platform\ClientSecKey\ClientSecKey\Message.pb.h(10,40): error : google/protobuf/port_def.inc: No such file or directory
F:\Git Repo\OpenSSL Secure Data Transmission Platform\ClientSecKey\ClientSecKey\Message.pb.h(10,40): error :  #include <google/protobuf/port_def.inc>
F:\Git Repo\OpenSSL Secure Data Transmission Platform\ClientSecKey\ClientSecKey\Message.pb.h(10,40): error :                                         ^
F:\Git Repo\OpenSSL Secure Data Transmission Platform\ClientSecKey\ClientSecKey\Message.pb.h(10,40): error : compilation terminated.
  RequestCodec.cpp
F:\Git Repo\OpenSSL Secure Data Transmission Platform\ClientSecKey\ClientSecKey\Message.pb.h(10,40): error : google/protobuf/port_def.inc: No such file or directory
F:\Git Repo\OpenSSL Secure Data Transmission Platform\ClientSecKey\ClientSecKey\Message.pb.h(10,40): error :  #include <google/protobuf/port_def.inc>
F:\Git Repo\OpenSSL Secure Data Transmission Platform\ClientSecKey\ClientSecKey\Message.pb.h(10,40): error :                                         ^
F:\Git Repo\OpenSSL Secure Data Transmission Platform\ClientSecKey\ClientSecKey\Message.pb.h(10,40): error : compilation terminated.
  RequestFactory.cpp
F:\Git Repo\OpenSSL Secure Data Transmission Platform\ClientSecKey\ClientSecKey\Message.pb.h(10,40): error : google/protobuf/port_def.inc: No such file or directory
F:\Git Repo\OpenSSL Secure Data Transmission Platform\ClientSecKey\ClientSecKey\Message.pb.h(10,40): error :  #include <google/protobuf/port_def.inc>
F:\Git Repo\OpenSSL Secure Data Transmission Platform\ClientSecKey\ClientSecKey\Message.pb.h(10,40): error :                                         ^
F:\Git Repo\OpenSSL Secure Data Transmission Platform\ClientSecKey\ClientSecKey\Message.pb.h(10,40): error : compilation terminated.
  RespondCodec.cpp
F:\Git Repo\OpenSSL Secure Data Transmission Platform\ClientSecKey\ClientSecKey\Message.pb.h(10,40): error : google/protobuf/port_def.inc: No such file or directory
F:\Git Repo\OpenSSL Secure Data Transmission Platform\ClientSecKey\ClientSecKey\Message.pb.h(10,40): error :  #include <google/protobuf/port_def.inc>
F:\Git Repo\OpenSSL Secure Data Transmission Platform\ClientSecKey\ClientSecKey\Message.pb.h(10,40): error :                                         ^
F:\Git Repo\OpenSSL Secure Data Transmission Platform\ClientSecKey\ClientSecKey\Message.pb.h(10,40): error : compilation terminated.
  RespondFactory.cpp
F:\Git Repo\OpenSSL Secure Data Transmission Platform\ClientSecKey\ClientSecKey\Message.pb.h(10,40): error : google/protobuf/port_def.inc: No such file or directory
F:\Git Repo\OpenSSL Secure Data Transmission Platform\ClientSecKey\ClientSecKey\Message.pb.h(10,40): error :  #include <google/protobuf/port_def.inc>
F:\Git Repo\OpenSSL Secure Data Transmission Platform\ClientSecKey\ClientSecKey\Message.pb.h(10,40): error :                                         ^
F:\Git Repo\OpenSSL Secure Data Transmission Platform\ClientSecKey\ClientSecKey\Message.pb.h(10,40): error : compilation terminated.
